<?xml version="1.0" encoding="UTF-8"?>
<!-- Generated by org.testng.reporters.JUnitReportReporter -->
<testsuite skipped="1" hostname="IN-HBharish-1" name="com.ta3s.testcases.LoginTest" tests="2" failures="0" timestamp="27 Mar 2017 10:19:08 GMT" time="135.701" errors="1">
  <testcase name="SignIn" time="0.000" classname="com.ta3s.testcases.LoginTest">
    <skipped/>
  </testcase> <!-- SignIn -->
  <testcase name="initiate" time="135.701" classname="com.ta3s.testcases.LoginTest">
    <error type="java.io.FileNotFoundException" message="\ta3sunisys\src\com\ta3s\config\config.properties (The system cannot find the path specified)">
      <![CDATA[java.io.FileNotFoundException: \ta3sunisys\src\com\ta3s\config\config.properties (The system cannot find the path specified)
	at java.io.FileInputStream.open0(Native Method)
	at java.io.FileInputStream.open(Unknown Source)
	at java.io.FileInputStream.<init>(Unknown Source)
	at java.io.FileInputStream.<init>(Unknown Source)
	at com.ta3s.baseclass.BaseUtil.readConfigFile(BaseUtil.java:173)
	at com.ta3s.baseclass.BaseUtil.initiate(BaseUtil.java:87)
	at sun.reflect.NativeMethodAccessorImpl.invoke0(Native Method)
	at sun.reflect.NativeMethodAccessorImpl.invoke(Unknown Source)
	at sun.reflect.DelegatingMethodAccessorImpl.invoke(Unknown Source)
	at java.lang.reflect.Method.invoke(Unknown Source)
	at org.testng.internal.MethodInvocationHelper.invokeMethod(MethodInvocationHelper.java:108)
	at org.testng.internal.Invoker.invokeConfigurationMethod(Invoker.java:523)
	at org.testng.internal.Invoker.invokeConfigurations(Invoker.java:224)
	at org.testng.internal.Invoker.invokeConfigurations(Invoker.java:146)
	at org.testng.SuiteRunner.privateRun(SuiteRunner.java:326)
	at org.testng.SuiteRunner.run(SuiteRunner.java:289)
	at org.testng.SuiteRunnerWorker.runSuite(SuiteRunnerWorker.java:52)
	at org.testng.SuiteRunnerWorker.run(SuiteRunnerWorker.java:86)
	at org.testng.TestNG.runSuitesSequentially(TestNG.java:1301)
	at org.testng.TestNG.runSuitesLocally(TestNG.java:1226)
	at org.testng.TestNG.runSuites(TestNG.java:1144)
	at org.testng.TestNG.run(TestNG.java:1115)
	at com.ta3s.config.Mainclass.main(Mainclass.java:23)
	at sun.reflect.NativeMethodAccessorImpl.invoke0(Native Method)
	at sun.reflect.NativeMethodAccessorImpl.invoke(Unknown Source)
	at sun.reflect.DelegatingMethodAccessorImpl.invoke(Unknown Source)
	at java.lang.reflect.Method.invoke(Unknown Source)
	at org.eclipse.jdt.internal.jarinjarloader.JarRsrcLoader.main(JarRsrcLoader.java:58)
]]>
    </error>
  </testcase> <!-- initiate -->
</testsuite> <!-- com.ta3s.testcases.LoginTest -->
